Using pre-set license

 COMMAND LINE ARGUMENTS:
/Applications/Unity/Hub/Editor/2020.3.6f1/Unity.app/Contents/MacOS/Unity
-adb2
-batchMode
-noUpm
-name
AssetImportWorker0
-projectPath
/Users/GuoJun/Frank's Adventure
-logFile
Logs/AssetImportWorker0.log
-srvPort
64446
Successfully changed project path to: /Users/GuoJun/Frank's Adventure
/Users/GuoJun/Frank's Adventure
Using Asset Import Pipeline V2.
Refreshing native plugins compatible for Editor in 64.06 ms, found 3 plugins.
Preloading 0 native plugins for Editor in 0.00 ms.
Initialize engine version: 2020.3.6f1 (338bb68529b2)
[Subsystems] Discovering subsystems at path /Applications/Unity/Hub/Editor/2020.3.6f1/Unity.app/Contents/Resources/UnitySubsystems
[Subsystems] Discovering subsystems at path /Users/GuoJun/Frank's Adventure/Assets
GfxDevice: creating device client; threaded=0
2021-05-19 23:12:38.767 Unity[8572:241294] Color LCD preferred device: NVIDIA GeForce GT 750M (high power)
2021-05-19 23:12:38.767 Unity[8572:241294] Metal devices available: 2
2021-05-19 23:12:38.767 Unity[8572:241294] 0: NVIDIA GeForce GT 750M (high power)
2021-05-19 23:12:38.767 Unity[8572:241294] 1: Intel Iris Pro Graphics (low power)
2021-05-19 23:12:38.768 Unity[8572:241294] Using device NVIDIA GeForce GT 750M (high power)
Initializing Metal device caps: NVIDIA GeForce GT 750M
Initialize mono
Mono path[0] = '/Applications/Unity/Hub/Editor/2020.3.6f1/Unity.app/Contents/Managed'
Mono path[1] = '/Applications/Unity/Hub/Editor/2020.3.6f1/Unity.app/Contents/MonoBleedingEdge/lib/mono/unityjit'
Mono config path = '/Applications/Unity/Hub/Editor/2020.3.6f1/Unity.app/Contents/MonoBleedingEdge/etc'
Using monoOptions --debugger-agent=transport=dt_socket,embedding=1,server=y,suspend=n,address=127.0.0.1:56572
Begin MonoManager ReloadAssembly
Registering precompiled unity dll's ...
Register platform support module: /Applications/Unity/Hub/Editor/2020.3.6f1/PlaybackEngines/WebGLSupport/UnityEditor.WebGL.Extensions.dll
Register platform support module: /Applications/Unity/Hub/Editor/2020.3.6f1/Unity.app/Contents/PlaybackEngines/MacStandaloneSupport/UnityEditor.OSXStandalone.Extensions.dll
Registered in 0.000781 seconds.
Native extension for OSXStandalone target not found
Native extension for WebGL target not found
Refreshing native plugins compatible for Editor in 55.79 ms, found 3 plugins.
Preloading 0 native plugins for Editor in 0.00 ms.
Mono: successfully reloaded assembly
- Completed reload, in  1.606 seconds
Platform modules already initialized, skipping
Registering precompiled user dll's ...
Registered in 0.002259 seconds.
Begin MonoManager ReloadAssembly
Native extension for OSXStandalone target not found
Native extension for WebGL target not found
Refreshing native plugins compatible for Editor in 58.64 ms, found 3 plugins.
Preloading 0 native plugins for Editor in 0.00 ms.
Mono: successfully reloaded assembly
- Completed reload, in  1.480 seconds
Platform modules already initialized, skipping
========================================================================
Worker process is ready to serve import requests
Launching external process: /Applications/Unity/Hub/Editor/2020.3.6f1/Unity.app/Contents/Tools/UnityShaderCompiler
Launched and connected shader compiler UnityShaderCompiler after 0.01 seconds
Refreshing native plugins compatible for Editor in 0.70 ms, found 3 plugins.
Preloading 0 native plugins for Editor in 0.00 ms.
Unloading 2104 Unused Serialized files (Serialized files now loaded: 0)
System memory in use before: 170.0 MB.
System memory in use after: 170.1 MB.

Unloading 34 unused Assets to reduce memory usage. Loaded Objects now: 2544.
Total: 3.166992 ms (FindLiveObjects: 0.388363 ms CreateObjectMapping: 0.103956 ms MarkObjects: 2.518432 ms  DeleteObjects: 0.155099 ms)

========================================================================
Received Import Request.
  path: Assets/Scripts/Gameplay/Interactable.cs
  artifactKey: Guid(ec0e3bcff43cd4f7395c6dfe91ac7a9d) Importer(815301076,1909f56bfc062723c751e8b465ee728b)
Start importing Assets/Scripts/Gameplay/Interactable.cs using Guid(ec0e3bcff43cd4f7395c6dfe91ac7a9d) Importer(815301076,1909f56bfc062723c751e8b465ee728b)  -> (artifact id: '257059a1855b3c844f567a1c218901c8') in 0.414205 seconds
  Import took 0.419987 seconds .

========================================================================
Received Prepare
Registering precompiled user dll's ...
Registered in 0.002413 seconds.
Begin MonoManager ReloadAssembly
Native extension for OSXStandalone target not found
Native extension for WebGL target not found
Refreshing native plugins compatible for Editor in 0.70 ms, found 3 plugins.
Preloading 0 native plugins for Editor in 0.00 ms.
Mono: successfully reloaded assembly
- Completed reload, in  1.339 seconds
Platform modules already initialized, skipping
Refreshing native plugins compatible for Editor in 0.66 ms, found 3 plugins.
Preloading 0 native plugins for Editor in 0.00 ms.
Unloading 2097 Unused Serialized files (Serialized files now loaded: 0)
System memory in use before: 174.7 MB.
System memory in use after: 174.7 MB.

Unloading 23 unused Assets to reduce memory usage. Loaded Objects now: 2547.
Total: 3.309370 ms (FindLiveObjects: 0.327537 ms CreateObjectMapping: 0.203376 ms MarkObjects: 2.665571 ms  DeleteObjects: 0.111471 ms)

========================================================================
Received Import Request.
  Time since last request: 37.376071 seconds.
  path: Assets/Scripts/Character/PlayerController.cs
  artifactKey: Guid(7e561917172aa42a9b5237c9bd3ffc89) Importer(815301076,1909f56bfc062723c751e8b465ee728b)
Start importing Assets/Scripts/Character/PlayerController.cs using Guid(7e561917172aa42a9b5237c9bd3ffc89) Importer(815301076,1909f56bfc062723c751e8b465ee728b)  -> (artifact id: '062700451458b084f5ef74cd4a8d4979') in 0.007394 seconds
  Import took 0.011859 seconds .

========================================================================
Received Import Request.
  Time since last request: 0.029043 seconds.
  path: Assets/Scripts/Character/PlayerController.cs
  artifactKey: Guid(7e561917172aa42a9b5237c9bd3ffc89) Importer(815301076,1909f56bfc062723c751e8b465ee728b)
Start importing Assets/Scripts/Character/PlayerController.cs using Guid(7e561917172aa42a9b5237c9bd3ffc89) Importer(815301076,1909f56bfc062723c751e8b465ee728b)  -> (artifact id: '062700451458b084f5ef74cd4a8d4979') in 0.005171 seconds
  Import took 0.009681 seconds .

========================================================================
Received Prepare
Registering precompiled user dll's ...
Registered in 0.002249 seconds.
Begin MonoManager ReloadAssembly
Native extension for OSXStandalone target not found
Native extension for WebGL target not found
Refreshing native plugins compatible for Editor in 0.69 ms, found 3 plugins.
Preloading 0 native plugins for Editor in 0.00 ms.
Mono: successfully reloaded assembly
- Completed reload, in  1.298 seconds
Platform modules already initialized, skipping
Refreshing native plugins compatible for Editor in 0.70 ms, found 3 plugins.
Preloading 0 native plugins for Editor in 0.00 ms.
Unloading 2097 Unused Serialized files (Serialized files now loaded: 0)
System memory in use before: 174.8 MB.
System memory in use after: 174.8 MB.

Unloading 22 unused Assets to reduce memory usage. Loaded Objects now: 2551.
Total: 3.819350 ms (FindLiveObjects: 0.399547 ms CreateObjectMapping: 0.152919 ms MarkObjects: 3.136317 ms  DeleteObjects: 0.126499 ms)

========================================================================
Received Import Request.
  Time since last request: 43.675544 seconds.
  path: Assets/Scripts/Character/NPCController.cs
  artifactKey: Guid(20e976b1174214340836e0f6c6dc136f) Importer(815301076,1909f56bfc062723c751e8b465ee728b)
Start importing Assets/Scripts/Character/NPCController.cs using Guid(20e976b1174214340836e0f6c6dc136f) Importer(815301076,1909f56bfc062723c751e8b465ee728b)  -> (artifact id: '2d970a80dd3b0291ce0382d23787a60e') in 0.009413 seconds
  Import took 0.015372 seconds .

========================================================================
Received Prepare
Registering precompiled user dll's ...
Registered in 0.003653 seconds.
Begin MonoManager ReloadAssembly
Native extension for OSXStandalone target not found
Native extension for WebGL target not found
Refreshing native plugins compatible for Editor in 0.71 ms, found 3 plugins.
Preloading 0 native plugins for Editor in 0.00 ms.
Mono: successfully reloaded assembly
- Completed reload, in  1.388 seconds
Platform modules already initialized, skipping
Refreshing native plugins compatible for Editor in 1.19 ms, found 3 plugins.
Preloading 0 native plugins for Editor in 0.00 ms.
Unloading 2097 Unused Serialized files (Serialized files now loaded: 0)
System memory in use before: 175.0 MB.
System memory in use after: 175.1 MB.

Unloading 22 unused Assets to reduce memory usage. Loaded Objects now: 2555.
Total: 3.042357 ms (FindLiveObjects: 0.222527 ms CreateObjectMapping: 0.078615 ms MarkObjects: 2.628483 ms  DeleteObjects: 0.111448 ms)

========================================================================
Received Prepare
Registering precompiled user dll's ...
Registered in 0.002331 seconds.
Begin MonoManager ReloadAssembly
Native extension for OSXStandalone target not found
Native extension for WebGL target not found
Refreshing native plugins compatible for Editor in 1.15 ms, found 3 plugins.
Preloading 0 native plugins for Editor in 0.00 ms.
Mono: successfully reloaded assembly
- Completed reload, in  1.380 seconds
Platform modules already initialized, skipping
Refreshing native plugins compatible for Editor in 0.69 ms, found 3 plugins.
Preloading 0 native plugins for Editor in 0.00 ms.
Unloading 2097 Unused Serialized files (Serialized files now loaded: 0)
System memory in use before: 175.2 MB.
System memory in use after: 175.2 MB.

Unloading 22 unused Assets to reduce memory usage. Loaded Objects now: 2559.
Total: 4.362527 ms (FindLiveObjects: 0.472320 ms CreateObjectMapping: 0.137312 ms MarkObjects: 3.538223 ms  DeleteObjects: 0.211553 ms)

========================================================================
Received Prepare
Registering precompiled user dll's ...
Registered in 0.002414 seconds.
Begin MonoManager ReloadAssembly
Native extension for OSXStandalone target not found
Native extension for WebGL target not found
Refreshing native plugins compatible for Editor in 0.74 ms, found 3 plugins.
Preloading 0 native plugins for Editor in 0.00 ms.
Mono: successfully reloaded assembly
- Completed reload, in  1.433 seconds
Platform modules already initialized, skipping
Refreshing native plugins compatible for Editor in 0.69 ms, found 3 plugins.
Preloading 0 native plugins for Editor in 0.00 ms.
Unloading 2097 Unused Serialized files (Serialized files now loaded: 0)
System memory in use before: 175.4 MB.
System memory in use after: 175.4 MB.

Unloading 22 unused Assets to reduce memory usage. Loaded Objects now: 2563.
Total: 5.295917 ms (FindLiveObjects: 0.499263 ms CreateObjectMapping: 0.262771 ms MarkObjects: 4.396504 ms  DeleteObjects: 0.135620 ms)

========================================================================
Received Prepare
Registering precompiled user dll's ...
Registered in 0.002276 seconds.
Begin MonoManager ReloadAssembly
Native extension for OSXStandalone target not found
Native extension for WebGL target not found
Refreshing native plugins compatible for Editor in 0.69 ms, found 3 plugins.
Preloading 0 native plugins for Editor in 0.00 ms.
Mono: successfully reloaded assembly
- Completed reload, in  1.442 seconds
Platform modules already initialized, skipping
Refreshing native plugins compatible for Editor in 0.64 ms, found 3 plugins.
Preloading 0 native plugins for Editor in 0.00 ms.
Unloading 2097 Unused Serialized files (Serialized files now loaded: 0)
System memory in use before: 175.6 MB.
System memory in use after: 175.6 MB.

Unloading 22 unused Assets to reduce memory usage. Loaded Objects now: 2567.
Total: 4.205166 ms (FindLiveObjects: 0.448687 ms CreateObjectMapping: 0.153761 ms MarkObjects: 3.476074 ms  DeleteObjects: 0.124061 ms)

AssetImportWorkerClient::OnTransportError - code=2 error=End of file
